{"level":"info","message":"Posts obtidos com sucesso!"}
{"level":"error","message":"Erro: TypeError: fetch failed"}
{"level":"error","message":"Erro: TypeError: fetch failed"}
{"level":"error","message":"Erro: TypeError: fetch failed"}
{"level":"info","message":"Posts obtidos com sucesso!"}
{"level":"info","message":"Posts obtidos com sucesso!"}
{"level":"info","message":"Posts obtidos com sucesso!"}
{"level":"info","message":"Posts obtidos com sucesso!"}
{"level":"info","message":"Posts obtidos com sucesso!"}
{"level":"info","message":"Posts obtidos com sucesso!"}
{"level":"info","message":"Posts obtidos com sucesso!"}
{"level":"info","message":"Posts obtidos com sucesso!"}
{"level":"info","message":"Posts obtidos com sucesso!"}
{"level":"info","message":"Posts obtidos com sucesso!"}
{"level":"info","message":"Posts obtidos com sucesso!"}
{"level":"info","message":"Posts obtidos com sucesso!"}
{"level":"info","message":"Posts obtidos com sucesso!"}
{"level":"info","message":"Posts obtidos com sucesso!"}
{"level":"info","message":"Posts obtidos com sucesso!"}
{"level":"info","message":"Posts obtidos com sucesso!"}
{"level":"info","message":"Posts obtidos com sucesso!"}
{"level":"info","message":"Posts obtidos com sucesso!"}
{"level":"info","message":"Posts obtidos com sucesso!"}
{"level":"info","message":"Posts obtidos com sucesso!"}
{"level":"info","message":"Posts obtidos com sucesso!"}
{"level":"info","message":"Posts obtidos com sucesso!"}
{"level":"info","message":"Posts obtidos com sucesso!"}
{"level":"info","message":"Posts obtidos com sucesso!"}
{"level":"info","message":"Posts obtidos com sucesso!"}
{"level":"info","message":"Posts obtidos com sucesso!"}
{"level":"info","message":"Posts obtidos com sucesso!"}
{"level":"error","message":"Erro: TypeError: Cannot read properties of undefined (reading 'json')"}
{"level":"info","message":"Posts obtidos com sucesso!"}
{"level":"error","message":"Erro: TypeError: Cannot read properties of undefined (reading 'json')"}
{"level":"info","message":"Posts obtidos com sucesso!"}
{"level":"info","message":"Posts obtidos com sucesso!"}
{"level":"info","message":"Posts obtidos com sucesso!"}
{"level":"info","message":"Posts obtidos com sucesso!"}
{"level":"info","message":"Posts obtidos com sucesso!"}
{"level":"info","message":"Posts obtidos com sucesso!"}
{"level":"info","message":"Posts obtidos com sucesso!"}
{"level":"info","message":"Posts obtidos com sucesso!"}
{"level":"info","message":"Posts obtidos com sucesso!"}
{"level":"info","message":"Posts obtidos com sucesso!"}
{"level":"info","message":"Posts obtidos com sucesso!"}
{"level":"info","message":"Posts obtidos com sucesso!"}
{"level":"info","message":"Posts obtidos com sucesso!"}
{"level":"info","message":"Posts obtidos com sucesso!"}
{"level":"info","message":"Posts obtidos com sucesso!"}
{"level":"info","message":"Posts obtidos com sucesso!"}
{"level":"info","message":"Posts obtidos com sucesso!"}
{"level":"info","message":"Posts obtidos com sucesso!"}
{"level":"info","message":"Posts obtidos com sucesso!"}
{"level":"info","message":"Posts obtidos com sucesso!"}
{"level":"info","message":"Posts obtidos com sucesso!"}
{"level":"info","message":"Posts obtidos com sucesso!"}
{"level":"info","message":"Posts obtidos com sucesso!"}
{"level":"info","message":"Posts obtidos com sucesso!"}
{"level":"info","message":"Posts obtidos com sucesso!"}
{"level":"info","message":"Posts obtidos com sucesso!"}
{"level":"info","message":"Posts obtidos com sucesso!"}
{"level":"info","message":"Posts obtidos com sucesso!"}
{"level":"info","message":"Posts obtidos com sucesso!"}
{"level":"info","message":"Posts obtidos com sucesso!"}
{"level":"info","message":"Posts obtidos com sucesso!"}
{"level":"info","message":"Posts obtidos com sucesso!"}
{"level":"info","message":"Posts obtidos com sucesso!"}
{"level":"info","message":"Posts obtidos com sucesso!"}
{"level":"info","message":"Posts obtidos com sucesso!"}
{"level":"info","message":"Posts obtidos com sucesso!"}
{"level":"info","message":"Posts obtidos com sucesso!"}
{"level":"info","message":"Posts obtidos com sucesso!"}
{"level":"info","message":"Posts obtidos com sucesso!"}
{"level":"info","message":"Posts obtidos com sucesso!"}
{"level":"info","message":"Posts obtidos com sucesso!"}
{"level":"info","message":"Posts obtidos com sucesso!"}
{"level":"info","message":"Posts obtidos com sucesso!"}
{"level":"info","message":"Posts obtidos com sucesso!"}
{"level":"info","message":"Posts obtidos com sucesso!"}
{"level":"info","message":"Posts obtidos com sucesso!"}
{"level":"info","message":"Posts obtidos com sucesso!"}
{"level":"info","message":"Posts obtidos com sucesso!"}
{"level":"info","message":"Posts obtidos com sucesso!"}
{"level":"info","message":"Posts obtidos com sucesso!"}
{"level":"info","message":"Posts obtidos com sucesso!"}
{"level":"info","message":"Posts obtidos com sucesso!"}
{"level":"info","message":"Posts obtidos com sucesso!"}
{"level":"info","message":"Posts obtidos com sucesso!"}
{"level":"info","message":"Posts obtidos com sucesso!"}
{"level":"info","message":"Posts obtidos com sucesso!"}
{"level":"info","message":"Posts obtidos com sucesso!"}
{"level":"info","message":"Posts obtidos com sucesso!"}
{"level":"info","message":"Posts obtidos com sucesso!"}
{"level":"info","message":"Posts obtidos com sucesso!"}
{"level":"info","message":"Posts obtidos com sucesso!"}
{"level":"info","message":"Posts obtidos com sucesso!"}
{"level":"info","message":"Posts obtidos com sucesso!"}
{"level":"info","message":"Posts obtidos com sucesso!"}
{"level":"info","message":"Posts obtidos com sucesso!"}
{"level":"info","message":"Posts obtidos com sucesso!"}
{"level":"info","message":"Posts obtidos com sucesso!"}
{"level":"info","message":"Posts obtidos com sucesso!"}
{"level":"info","message":"Posts obtidos com sucesso!"}
{"level":"info","message":"Posts obtidos com sucesso!"}
{"level":"info","message":"Posts obtidos com sucesso!"}
{"level":"info","message":"Posts obtidos com sucesso!"}
{"level":"info","message":"Posts obtidos com sucesso!"}
{"level":"info","message":"Posts obtidos com sucesso!"}
{"level":"info","message":"Posts obtidos com sucesso!"}
{"level":"info","message":"Posts obtidos com sucesso!"}
{"level":"info","message":"Posts obtidos com sucesso!"}
{"level":"info","message":"Posts obtidos com sucesso!"}
{"level":"info","message":"Posts obtidos com sucesso!"}
{"level":"info","message":"Posts obtidos com sucesso!"}
{"level":"info","message":"Posts obtidos com sucesso!"}
{"level":"info","message":"Posts obtidos com sucesso!"}
{"level":"info","message":"Posts obtidos com sucesso!"}
{"level":"info","message":"Posts obtidos com sucesso!"}
{"level":"info","message":"Posts obtidos com sucesso!"}
{"level":"info","message":"Posts obtidos com sucesso!"}
{"level":"info","message":"Posts obtidos com sucesso!"}
{"level":"info","message":"Posts obtidos com sucesso!"}
{"level":"info","message":"Posts obtidos com sucesso!"}
{"level":"info","message":"Posts obtidos com sucesso!"}
{"level":"info","message":"Posts obtidos com sucesso!"}
{"level":"info","message":"Posts obtidos com sucesso!"}
{"level":"info","message":"Posts obtidos com sucesso!"}
{"level":"info","message":"Posts obtidos com sucesso!"}
{"level":"info","message":"Posts obtidos com sucesso!"}
{"level":"info","message":"Posts obtidos com sucesso!"}
{"level":"info","message":"Posts obtidos com sucesso!"}
{"level":"info","message":"Posts obtidos com sucesso!"}
{"level":"info","message":"Posts obtidos com sucesso!"}
{"level":"info","message":"Posts obtidos com sucesso!"}
{"level":"info","message":"Posts obtidos com sucesso!"}
{"level":"info","message":"Posts obtidos com sucesso!"}
{"level":"info","message":"Posts obtidos com sucesso!"}
{"level":"info","message":"Posts obtidos com sucesso!"}
{"level":"info","message":"Posts obtidos com sucesso!"}
{"level":"info","message":"Posts obtidos com sucesso!"}
{"level":"info","message":"Posts obtidos com sucesso!"}
{"level":"info","message":"Posts obtidos com sucesso!"}
{"level":"info","message":"Posts obtidos com sucesso!"}
{"level":"info","message":"Posts obtidos com sucesso!"}
{"level":"info","message":"Posts obtidos com sucesso!"}
{"level":"info","message":"Posts obtidos com sucesso!"}
{"level":"info","message":"Posts obtidos com sucesso!"}
{"level":"info","message":"Posts obtidos com sucesso!"}
{"level":"info","message":"Posts obtidos com sucesso!"}
{"level":"info","message":"Posts obtidos com sucesso!"}
{"level":"info","message":"Posts obtidos com sucesso!"}
{"level":"info","message":"Posts obtidos com sucesso!"}
{"level":"info","message":"Posts obtidos com sucesso!"}
{"level":"info","message":"Posts obtidos com sucesso!"}
{"level":"info","message":"Posts obtidos com sucesso!"}
{"level":"info","message":"Posts obtidos com sucesso!"}
{"level":"info","message":"Posts obtidos com sucesso!"}
{"level":"info","message":"Posts obtidos com sucesso!"}
{"level":"info","message":"Posts obtidos com sucesso!"}
{"level":"info","message":"Posts obtidos com sucesso!"}
{"level":"info","message":"Posts obtidos com sucesso!"}
{"level":"info","message":"Posts obtidos com sucesso!"}
{"level":"info","message":"Posts obtidos com sucesso!"}
{"level":"info","message":"Posts obtidos com sucesso!"}
{"level":"info","message":"Posts obtidos com sucesso!"}
{"level":"info","message":"Posts obtidos com sucesso!"}
{"level":"info","message":"Posts obtidos com sucesso!"}
{"level":"info","message":"Posts obtidos com sucesso!"}
{"level":"info","message":"Posts obtidos com sucesso!"}
{"level":"info","message":"Posts obtidos com sucesso!"}
{"level":"info","message":"Posts obtidos com sucesso!"}
{"level":"info","message":"Posts obtidos com sucesso!"}
{"level":"info","message":"Posts obtidos com sucesso!"}
{"level":"info","message":"Posts obtidos com sucesso!"}
{"level":"info","message":"Posts obtidos com sucesso!"}
{"level":"info","message":"Posts obtidos com sucesso!"}
{"level":"info","message":"Posts obtidos com sucesso!"}
{"level":"info","message":"Posts obtidos com sucesso!"}
{"level":"info","message":"Posts obtidos com sucesso!"}
{"level":"info","message":"Posts obtidos com sucesso!"}
{"level":"info","message":"Posts obtidos com sucesso!"}
{"level":"info","message":"Posts obtidos com sucesso!"}
{"level":"info","message":"Posts obtidos com sucesso!"}
{"level":"info","message":"Posts obtidos com sucesso!"}
{"level":"info","message":"Posts obtidos com sucesso!"}
{"level":"info","message":"Posts obtidos com sucesso!"}
{"level":"info","message":"Posts obtidos com sucesso!"}
{"level":"info","message":"Posts obtidos com sucesso!"}
{"level":"info","message":"Posts obtidos com sucesso!"}
{"level":"info","message":"Posts obtidos com sucesso!"}
{"level":"info","message":"Posts obtidos com sucesso!"}
{"level":"info","message":"Posts obtidos com sucesso!"}
{"level":"info","message":"Posts obtidos com sucesso!"}
{"level":"info","message":"Posts obtidos com sucesso!"}
{"level":"error","message":"Ops, post inexistente."}
{"level":"error","message":"Ops, post inexistente."}
{"level":"info","message":"Posts obtidos com sucesso!"}
{"level":"info","message":"Posts obtidos com sucesso!"}
{"level":"error","message":"Ops, ocorreu um erro na busca pelo post."}
{"level":"error","message":"Ops, ocorreu um erro na busca pelo post."}
{"level":"error","message":"Ops, ocorreu um erro na busca pelo post."}
